{
  "RSpec": {
    "coverage": {
      "/Users/elshaka/Projects/hw-acceptance-unit-test-cycle/rottenpotatoes/app/helpers/application_helper.rb": [
        1,
        null
      ],
      "/Users/elshaka/Projects/hw-acceptance-unit-test-cycle/rottenpotatoes/app/helpers/movies_helper.rb": [
        1,
        null,
        1,
        20,
        null,
        null
      ],
      "/Users/elshaka/Projects/hw-acceptance-unit-test-cycle/rottenpotatoes/app/controllers/movies_controller.rb": [
        1,
        null,
        1,
        3,
        null,
        null,
        1,
        1,
        1,
        null,
        null,
        null,
        1,
        6,
        6,
        null,
        2,
        null,
        2,
        null,
        6,
        6,
        null,
        6,
        18,
        null,
        null,
        6,
        2,
        2,
        2,
        null,
        4,
        null,
        null,
        1,
        null,
        null,
        null,
        1,
        2,
        2,
        2,
        null,
        null,
        1,
        1,
        null,
        null,
        1,
        1,
        1,
        1,
        1,
        null,
        null,
        1,
        1,
        1,
        1,
        1,
        null,
        null,
        1,
        3,
        3,
        1,
        1,
        null,
        3,
        null,
        null
      ],
      "/Users/elshaka/Projects/hw-acceptance-unit-test-cycle/rottenpotatoes/app/controllers/application_controller.rb": [
        1,
        1,
        null
      ],
      "/Users/elshaka/Projects/hw-acceptance-unit-test-cycle/rottenpotatoes/app/models/movie.rb": [
        1,
        1,
        43,
        null,
        null,
        1,
        4,
        null,
        null
      ]
    },
    "timestamp": 1534825230
  }
}
